<?xml version="1.0" encoding="UTF-8"?>
<testng-results ignored="0" total="2" passed="2" failed="0" skipped="0">
  <reporter-output>
  </reporter-output>
  <suite started-at="2023-11-24T20:14:40 IST" name="Suite1" finished-at="2023-11-24T20:15:59 IST" duration-ms="79573">
    <groups>
    </groups>
    <test started-at="2023-11-24T20:14:40 IST" name="Test" finished-at="2023-11-24T20:15:53 IST" duration-ms="73611">
      <class name="test.parameter">
        <test-method is-config="true" signature="launchbrowser(java.lang.String,java.lang.String)[pri:0, instance:test.parameter@e15b7e8]" started-at="2023-11-24T20:14:40 IST" name="launchbrowser" finished-at="2023-11-24T20:15:53 IST" duration-ms="73550" status="PASS">
          <params>
            <param index="0">
              <value>
                <![CDATA[chrome]]>
              </value>
            </param>
            <param index="1">
              <value>
                <![CDATA[https://opensource-demo.orangehrmlive.com/]]>
              </value>
            </param>
          </params>
          <reporter-output>
          </reporter-output>
        </test-method> <!-- launchbrowser -->
        <test-method signature="displayed()[pri:0, instance:test.parameter@e15b7e8]" started-at="2023-11-24T20:15:53 IST" name="displayed" finished-at="2023-11-24T20:15:53 IST" duration-ms="4" status="PASS">
          <reporter-output>
          </reporter-output>
        </test-method> <!-- displayed -->
      </class> <!-- test.parameter -->
    </test> <!-- Test -->
    <test started-at="2023-11-24T20:14:40 IST" name="Test2" finished-at="2023-11-24T20:15:59 IST" duration-ms="79573">
      <class name="test.parameter">
        <test-method is-config="true" signature="launchbrowser(java.lang.String,java.lang.String)[pri:0, instance:test.parameter@d29f28]" started-at="2023-11-24T20:14:40 IST" name="launchbrowser" finished-at="2023-11-24T20:15:59 IST" duration-ms="79524" status="PASS">
          <params>
            <param index="0">
              <value>
                <![CDATA[edge]]>
              </value>
            </param>
            <param index="1">
              <value>
                <![CDATA[https://opensource-demo.orangehrmlive.com/]]>
              </value>
            </param>
          </params>
          <reporter-output>
          </reporter-output>
        </test-method> <!-- launchbrowser -->
        <test-method signature="displayed()[pri:0, instance:test.parameter@d29f28]" started-at="2023-11-24T20:15:59 IST" name="displayed" finished-at="2023-11-24T20:15:59 IST" duration-ms="1" status="PASS">
          <reporter-output>
          </reporter-output>
        </test-method> <!-- displayed -->
      </class> <!-- test.parameter -->
    </test> <!-- Test2 -->
  </suite> <!-- Suite1 -->
</testng-results>
