<?xml version="1.0" encoding="UTF-8"?>
<testng-results ignored="0" total="2" passed="2" failed="0" skipped="0">
  <reporter-output>
  </reporter-output>
  <suite started-at="2023-11-25T11:23:25 IST" name="Suite" finished-at="2023-11-25T11:25:47 IST" duration-ms="142048">
    <groups>
    </groups>
    <test started-at="2023-11-25T11:23:25 IST" name="Test" finished-at="2023-11-25T11:24:16 IST" duration-ms="51256">
      <class name="test.para2">
        <test-method signature="launchbrowser(java.lang.String)[pri:0, instance:test.para2@1da2cb77]" started-at="2023-11-25T11:23:25 IST" name="launchbrowser" finished-at="2023-11-25T11:24:16 IST" duration-ms="51117" status="PASS">
          <params>
            <param index="0">
              <value>
                <![CDATA[chrome]]>
              </value>
            </param>
          </params>
          <reporter-output>
          </reporter-output>
        </test-method> <!-- launchbrowser -->
      </class> <!-- test.para2 -->
    </test> <!-- Test -->
    <test started-at="2023-11-25T11:24:18 IST" name="Test2" finished-at="2023-11-25T11:25:47 IST" duration-ms="89512">
      <class name="test.para2">
        <test-method signature="launchbrowser(java.lang.String)[pri:0, instance:test.para2@52b1beb6]" started-at="2023-11-25T11:24:18 IST" name="launchbrowser" finished-at="2023-11-25T11:25:47 IST" duration-ms="89490" status="PASS">
          <params>
            <param index="0">
              <value>
                <![CDATA[edge]]>
              </value>
            </param>
          </params>
          <reporter-output>
          </reporter-output>
        </test-method> <!-- launchbrowser -->
      </class> <!-- test.para2 -->
    </test> <!-- Test2 -->
  </suite> <!-- Suite -->
</testng-results>
